#
# There is insufficient memory for the Java Runtime Environment to continue.
# Native memory allocation (malloc) failed to allocate 85136 bytes. Error detail: Chunk::new
# Possible reasons:
#   The system is out of physical RAM or swap space
#   This process is running with CompressedOops enabled, and the Java Heap may be blocking the growth of the native heap
# Possible solutions:
#   Reduce memory load on the system
#   Increase physical memory or swap space
#   Check if swap backing store is full
#   Decrease Java heap size (-Xmx/-Xms)
#   Decrease number of Java threads
#   Decrease Java thread stack sizes (-Xss)
#   Set larger code cache with -XX:ReservedCodeCacheSize=
#   JVM is running with Unscaled Compressed Oops mode in which the Java heap is
#     placed in the first 4GB address space. The Java Heap base address is the
#     maximum limit for the native heap growth. Please use -XX:HeapBaseMinAddress
#     to set the Java Heap base and to place the Java Heap above 4GB virtual address.
# This output file may be truncated or incomplete.
#
#  Out of Memory Error (arena.cpp:168), pid=17796, tid=38472
#
# JRE version: OpenJDK Runtime Environment Temurin-21.0.8+9 (21.0.8+9) (build 21.0.8+9-LTS)
# Java VM: OpenJDK 64-Bit Server VM Temurin-21.0.8+9 (21.0.8+9-LTS, mixed mode, sharing, tiered, compressed oops, compressed class ptrs, parallel gc, windows-amd64)
# No core dump will be written. Minidumps are not enabled by default on client versions of Windows
#

---------------  S U M M A R Y ------------

Command Line: --add-modules=ALL-SYSTEM --add-opens=java.base/java.util=ALL-UNNAMED --add-opens=java.base/java.lang=ALL-UNNAMED --add-opens=java.base/sun.nio.fs=ALL-UNNAMED -Declipse.application=org.eclipse.jdt.ls.core.id1 -Dosgi.bundles.defaultStartLevel=4 -Declipse.product=org.eclipse.jdt.ls.core.product -Djava.import.generatesMetadataFilesAtProjectRoot=false -DDetectVMInstallationsJob.disabled=true -Dfile.encoding=utf8 -XX:+UseParallelGC -XX:GCTimeRatio=4 -XX:AdaptiveSizePolicyWeight=90 -Dsun.zip.disableMemoryMapping=true -Xmx2G -Xms100m -Xlog:disable -javaagent:c:\Users\Nbinary\.vscode\extensions\redhat.java-1.45.0-win32-x64\lombok\lombok-1.18.39-4050.jar c:\Users\Nbinary\.vscode\extensions\redhat.java-1.45.0-win32-x64\server\plugins\org.eclipse.equinox.launcher_1.7.0.v20250519-0528.jar -configuration c:\Users\Nbinary\AppData\Roaming\Code\User\globalStorage\redhat.java\1.45.0\config_ss_win -data c:\Users\Nbinary\AppData\Roaming\Code\User\workspaceStorage\c4d24fc2a9ed8c7a6b3851eb0b73e0c4\redhat.java\ss_ws --pipe=\\.\pipe\lsp-bc6e4e0bdf6a0896c81a161487123f35-sock

Host: Intel(R) Core(TM) i5-8250U CPU @ 1.60GHz, 8 cores, 11G,  Windows 11 , 64 bit Build 26100 (10.0.26100.5074)
Time: Tue Oct  7 00:43:38 2025 India Standard Time elapsed time: 6.339967 seconds (0d 0h 0m 6s)

---------------  T H R E A D  ---------------

Current thread (0x0000025ce2f8a440):  JavaThread "C2 CompilerThread0" daemon [_thread_in_native, id=38472, stack(0x000000a124900000,0x000000a124a00000) (1024K)]


Current CompileTask:
C2:6340 2540       4       org.lombokweb.asm.ClassReader::readMethod (1070 bytes)

Stack: [0x000000a124900000,0x000000a124a00000]
Native frames: (J=compiled Java code, j=interpreted, Vv=VM code, C=native code)
V  [jvm.dll+0x6d2449]
V  [jvm.dll+0x8ae341]
V  [jvm.dll+0x8b08be]
V  [jvm.dll+0x8b0fa3]
V  [jvm.dll+0x280c96]
V  [jvm.dll+0xc581d]
V  [jvm.dll+0xc5d53]
V  [jvm.dll+0x2f5b74]
V  [jvm.dll+0x38474e]
V  [jvm.dll+0x248ed0]
V  [jvm.dll+0x2484af]
V  [jvm.dll+0x1c89ee]
V  [jvm.dll+0x257d4d]
V  [jvm.dll+0x2562ea]
V  [jvm.dll+0x3f2d16]
V  [jvm.dll+0x857e6b]
V  [jvm.dll+0x6d0b0d]
C  [ucrtbase.dll+0x37b0]
C  [KERNEL32.DLL+0x2e8d7]
C  [ntdll.dll+0x8d9c]


---------------  P R O C E S S  ---------------

Threads class SMR info:
_java_thread_list=0x0000025ce9e09de0, length=20, elements={
0x0000025ccbe8e780, 0x0000025ccbf3dcd0, 0x0000025ce2f6f800, 0x0000025ce2f73880,
0x0000025ce2f74750, 0x0000025ce2f78940, 0x0000025ce2f7df20, 0x0000025ce2f8a440,
0x0000025ce2f8c860, 0x0000025ccbef8a80, 0x0000025ce4c500d0, 0x0000025ce9383500,
0x0000025ce98e6300, 0x0000025ce98e6960, 0x0000025ce98ec750, 0x0000025ce99d5f90,
0x0000025ce9b045e0, 0x0000025ce9ba1a00, 0x0000025ce9bae480, 0x0000025ce9f91800
}

Java Threads: ( => current thread )
  0x0000025ccbe8e780 JavaThread "main"                              [_thread_blocked, id=14104, stack(0x000000a123f00000,0x000000a124000000) (1024K)]
  0x0000025ccbf3dcd0 JavaThread "Reference Handler"          daemon [_thread_blocked, id=12632, stack(0x000000a124300000,0x000000a124400000) (1024K)]
  0x0000025ce2f6f800 JavaThread "Finalizer"                  daemon [_thread_blocked, id=15564, stack(0x000000a124400000,0x000000a124500000) (1024K)]
  0x0000025ce2f73880 JavaThread "Signal Dispatcher"          daemon [_thread_blocked, id=2264, stack(0x000000a124500000,0x000000a124600000) (1024K)]
  0x0000025ce2f74750 JavaThread "Attach Listener"            daemon [_thread_blocked, id=22676, stack(0x000000a124600000,0x000000a124700000) (1024K)]
  0x0000025ce2f78940 JavaThread "Service Thread"             daemon [_thread_blocked, id=36196, stack(0x000000a124700000,0x000000a124800000) (1024K)]
  0x0000025ce2f7df20 JavaThread "Monitor Deflation Thread"   daemon [_thread_blocked, id=27944, stack(0x000000a124800000,0x000000a124900000) (1024K)]
=>0x0000025ce2f8a440 JavaThread "C2 CompilerThread0"         daemon [_thread_in_native, id=38472, stack(0x000000a124900000,0x000000a124a00000) (1024K)]
  0x0000025ce2f8c860 JavaThread "C1 CompilerThread0"         daemon [_thread_blocked, id=16080, stack(0x000000a124a00000,0x000000a124b00000) (1024K)]
  0x0000025ccbef8a80 JavaThread "Common-Cleaner"             daemon [_thread_blocked, id=28360, stack(0x000000a124b00000,0x000000a124c00000) (1024K)]
  0x0000025ce4c500d0 JavaThread "Notification Thread"        daemon [_thread_blocked, id=19352, stack(0x000000a124d00000,0x000000a124e00000) (1024K)]
  0x0000025ce9383500 JavaThread "Active Thread: Equinox Container: fa210a06-546c-480a-a839-2090d5aedb4f"        [_thread_blocked, id=36736, stack(0x000000a125500000,0x000000a125600000) (1024K)]
  0x0000025ce98e6300 JavaThread "Framework Event Dispatcher: Equinox Container: fa210a06-546c-480a-a839-2090d5aedb4f" daemon [_thread_blocked, id=36552, stack(0x000000a124c00000,0x000000a124d00000) (1024K)]
  0x0000025ce98e6960 JavaThread "Start Level: Equinox Container: fa210a06-546c-480a-a839-2090d5aedb4f" daemon [_thread_in_native, id=21840, stack(0x000000a124e00000,0x000000a124f00000) (1024K)]
  0x0000025ce98ec750 JavaThread "SCR Component Actor"        daemon [_thread_blocked, id=31944, stack(0x000000a125700000,0x000000a125800000) (1024K)]
  0x0000025ce99d5f90 JavaThread "SCR Component Registry"     daemon [_thread_blocked, id=36220, stack(0x000000a125800000,0x000000a125900000) (1024K)]
  0x0000025ce9b045e0 JavaThread "Worker-JM"                         [_thread_blocked, id=17024, stack(0x000000a125900000,0x000000a125a00000) (1024K)]
  0x0000025ce9ba1a00 JavaThread "Worker-0"                          [_thread_blocked, id=14428, stack(0x000000a125b00000,0x000000a125c00000) (1024K)]
  0x0000025ce9bae480 JavaThread "Worker-1"                          [_thread_blocked, id=34068, stack(0x000000a125c00000,0x000000a125d00000) (1024K)]
  0x0000025ce9f91800 JavaThread "C2 CompilerThread1"         daemon [_thread_in_native, id=4312, stack(0x000000a125a00000,0x000000a125b00000) (1024K)]
Total: 20

Other Threads:
  0x0000025ccbf2e8a0 VMThread "VM Thread"                           [id=35184, stack(0x000000a124200000,0x000000a124300000) (1024K)]
  0x0000025ce2e7ca00 WatcherThread "VM Periodic Task Thread"        [id=13540, stack(0x000000a124100000,0x000000a124200000) (1024K)]
  0x0000025ccbeac920 WorkerThread "GC Thread#0"                     [id=35860, stack(0x000000a124000000,0x000000a124100000) (1024K)]
  0x0000025ce97b0110 WorkerThread "GC Thread#1"                     [id=39080, stack(0x000000a124f00000,0x000000a125000000) (1024K)]
  0x0000025ce9396b20 WorkerThread "GC Thread#2"                     [id=24600, stack(0x000000a125000000,0x000000a125100000) (1024K)]
  0x0000025ce9396ec0 WorkerThread "GC Thread#3"                     [id=39640, stack(0x000000a125100000,0x000000a125200000) (1024K)]
  0x0000025ce9397260 WorkerThread "GC Thread#4"                     [id=25112, stack(0x000000a125200000,0x000000a125300000) (1024K)]
  0x0000025ce9397600 WorkerThread "GC Thread#5"                     [id=39844, stack(0x000000a125300000,0x000000a125400000) (1024K)]
  0x0000025ce9792db0 WorkerThread "GC Thread#6"                     [id=1548, stack(0x000000a125400000,0x000000a125500000) (1024K)]
  0x0000025ce9a78a00 WorkerThread "GC Thread#7"                     [id=25460, stack(0x000000a125600000,0x000000a125700000) (1024K)]
Total: 10

Threads with active compile tasks:
C2 CompilerThread0  6498 2540       4       org.lombokweb.asm.ClassReader::readMethod (1070 bytes)
C2 CompilerThread1  6499 2603       4       lombok.patcher.PatchScript$MethodPatcher::visitMethod (158 bytes)
Total: 2

VM state: not at safepoint (normal execution)

VM Mutex/Monitor currently owned by a thread: None

Heap address: 0x0000000080000000, size: 2048 MB, Compressed Oops mode: 32-bit

CDS archive(s) mapped at: [0x0000025c80000000-0x0000025c80ba0000-0x0000025c80ba0000), size 12189696, SharedBaseAddress: 0x0000025c80000000, ArchiveRelocationMode: 1.
Compressed class space mapped at: 0x0000025c81000000-0x0000025cc1000000, reserved size: 1073741824
Narrow klass base: 0x0000025c80000000, Narrow klass shift: 0, Narrow klass range: 0x100000000

GC Precious Log:
 CardTable entry size: 512
 CPUs: 8 total, 8 available
 Memory: 12182M
 Large Page Support: Disabled
 NUMA Support: Disabled
 Compressed Oops: Enabled (32-bit)
 Alignments: Space 512K, Generation 512K, Heap 2M
 Heap Min Capacity: 100M
 Heap Initial Capacity: 100M
 Heap Max Capacity: 2G
 Pre-touch: Disabled
 Parallel Workers: 8

Heap:
 PSYoungGen      total 29184K, used 22627K [0x00000000d5580000, 0x00000000d7900000, 0x0000000100000000)
  eden space 25088K, 73% used [0x00000000d5580000,0x00000000d679d260,0x00000000d6e00000)
  from space 4096K, 99% used [0x00000000d6e80000,0x00000000d727b9c8,0x00000000d7280000)
  to   space 5632K, 0% used [0x00000000d7380000,0x00000000d7380000,0x00000000d7900000)
 ParOldGen       total 68608K, used 5614K [0x0000000080000000, 0x0000000084300000, 0x00000000d5580000)
  object space 68608K, 8% used [0x0000000080000000,0x000000008057ba90,0x0000000084300000)
 Metaspace       used 20937K, committed 21504K, reserved 1114112K
  class space    used 2012K, committed 2304K, reserved 1048576K

Card table byte_map: [0x0000025cde2e0000,0x0000025cde6f0000] _byte_map_base: 0x0000025cddee0000

Marking Bits: (ParMarkBitMap*) 0x00007fff8125a340
 Begin Bits: [0x0000025cde9a0000, 0x0000025ce09a0000)
 End Bits:   [0x0000025ce09a0000, 0x0000025ce29a0000)

Polling page: 0x0000025cc9f10000

Metaspace:

Usage:
  Non-class:     18.48 MB used.
      Class:      1.97 MB used.
       Both:     20.45 MB used.

Virtual space:
  Non-class space:       64.00 MB reserved,      18.75 MB ( 29%) committed,  1 nodes.
      Class space:        1.00 GB reserved,       2.25 MB ( <1%) committed,  1 nodes.
             Both:        1.06 GB reserved,      21.00 MB (  2%) committed. 

Chunk freelists:
   Non-Class:  12.44 MB
       Class:  13.60 MB
        Both:  26.04 MB

MaxMetaspaceSize: unlimited
CompressedClassSpaceSize: 1.00 GB
Initial GC threshold: 21.00 MB
Current GC threshold: 21.00 MB
CDS: on
 - commit_granule_bytes: 65536.
 - commit_granule_words: 8192.
 - virtual_space_node_default_size: 8388608.
 - enlarge_chunks_in_place: 1.
 - use_allocation_guard: 0.


Internal statistics:

num_allocs_failed_limit: 0.
num_arena_births: 466.
num_arena_deaths: 0.
num_vsnodes_births: 2.
num_vsnodes_deaths: 0.
num_space_committed: 336.
num_space_uncommitted: 0.
num_chunks_returned_to_freelist: 0.
num_chunks_taken_from_freelist: 1233.
num_chunk_merges: 0.
num_chunk_splits: 809.
num_chunks_enlarged: 538.
num_inconsistent_stats: 0.

CodeHeap 'non-profiled nmethods': size=120000Kb used=1101Kb max_used=1101Kb free=118898Kb
 bounds [0x0000025cd6bd0000, 0x0000025cd6e40000, 0x0000025cde100000]
CodeHeap 'profiled nmethods': size=120000Kb used=5249Kb max_used=5249Kb free=114750Kb
 bounds [0x0000025ccf100000, 0x0000025ccf630000, 0x0000025cd6630000]
CodeHeap 'non-nmethods': size=5760Kb used=1304Kb max_used=1321Kb free=4455Kb
 bounds [0x0000025cd6630000, 0x0000025cd68a0000, 0x0000025cd6bd0000]
CodeCache: size=245760Kb, used=7654Kb, max_used=7671Kb, free=238103Kb
 total_blobs=3204, nmethods=2618, adapters=492, full_count=0
Compilation: enabled, stopped_count=0, restarted_count=0

Compilation events (20 events):
Event: 6.281 Thread 0x0000025ce2f8c860 2573       3       java.util.HashMap::afterNodeAccess (1 bytes)
Event: 6.281 Thread 0x0000025ce2f8c860 nmethod 2573 0x0000025ccf603b10 code [0x0000025ccf603ca0, 0x0000025ccf603da8]
Event: 6.281 Thread 0x0000025ce2f8c860 2576       3       org.eclipse.core.internal.preferences.PreferencesService::getRootNode (4 bytes)
Event: 6.281 Thread 0x0000025ce2f8c860 nmethod 2576 0x0000025ccf603e10 code [0x0000025ccf603fa0, 0x0000025ccf6040b8]
Event: 6.281 Thread 0x0000025ce2f8c860 2577       3       org.eclipse.core.internal.preferences.RootPreferences::node (7 bytes)
Event: 6.281 Thread 0x0000025ce2f8c860 nmethod 2577 0x0000025ccf604190 code [0x0000025ccf604340, 0x0000025ccf604488]
Event: 6.282 Thread 0x0000025ce2f8c860 2578       3       org.eclipse.core.internal.preferences.RootPreferences::getNode (135 bytes)
Event: 6.283 Thread 0x0000025ce2f8c860 nmethod 2578 0x0000025ccf604510 code [0x0000025ccf604860, 0x0000025ccf605c00]
Event: 6.283 Thread 0x0000025ce2f8c860 2579   !   3       org.eclipse.core.internal.preferences.EclipsePreferences::getOrCreate (108 bytes)
Event: 6.284 Thread 0x0000025ce2f8c860 nmethod 2579 0x0000025ccf606310 code [0x0000025ccf606560, 0x0000025ccf607020]
Event: 6.286 Thread 0x0000025ce2f8c860 2580       3       java.net.URL::openConnection (9 bytes)
Event: 6.287 Thread 0x0000025ce2f8c860 nmethod 2580 0x0000025ccf607410 code [0x0000025ccf6075c0, 0x0000025ccf6077a0]
Event: 6.287 Thread 0x0000025ce2f8c860 2581       3       java.net.URLConnection::<init> (62 bytes)
Event: 6.287 Thread 0x0000025ce2f8c860 nmethod 2581 0x0000025ccf607890 code [0x0000025ccf607a80, 0x0000025ccf607f28]
Event: 6.287 Thread 0x0000025ce2f8c860 2582       3       java.net.URLConnection::getDefaultUseCaches (27 bytes)
Event: 6.288 Thread 0x0000025ce2f8c860 nmethod 2582 0x0000025ccf608110 code [0x0000025ccf6082e0, 0x0000025ccf6085d0]
Event: 6.310 Thread 0x0000025ce2f8c860 2583       3       sun.net.util.IPAddressUtil::checkExternalForm (98 bytes)
Event: 6.311 Thread 0x0000025ce2f8c860 nmethod 2583 0x0000025ccf608710 code [0x0000025ccf608900, 0x0000025ccf608c38]
Event: 6.318 Thread 0x0000025ce2f8c860 2584       3       java.io.File::isFile (34 bytes)
Event: 6.319 Thread 0x0000025ce2f8c860 nmethod 2584 0x0000025ccf608d90 code [0x0000025ccf608f80, 0x0000025ccf609388]

GC Heap History (10 events):
Event: 2.331 GC heap before
{Heap before GC invocations=1 (full 0):
 PSYoungGen      total 29696K, used 25600K [0x00000000d5580000, 0x00000000d7680000, 0x0000000100000000)
  eden space 25600K, 100% used [0x00000000d5580000,0x00000000d6e80000,0x00000000d6e80000)
  from space 4096K, 0% used [0x00000000d7280000,0x00000000d7280000,0x00000000d7680000)
  to   space 4096K, 0% used [0x00000000d6e80000,0x00000000d6e80000,0x00000000d7280000)
 ParOldGen       total 68608K, used 0K [0x0000000080000000, 0x0000000084300000, 0x00000000d5580000)
  object space 68608K, 0% used [0x0000000080000000,0x0000000080000000,0x0000000084300000)
 Metaspace       used 4290K, committed 4544K, reserved 1114112K
  class space    used 469K, committed 576K, reserved 1048576K
}
Event: 2.341 GC heap after
{Heap after GC invocations=1 (full 0):
 PSYoungGen      total 29696K, used 3335K [0x00000000d5580000, 0x00000000d7680000, 0x0000000100000000)
  eden space 25600K, 0% used [0x00000000d5580000,0x00000000d5580000,0x00000000d6e80000)
  from space 4096K, 81% used [0x00000000d6e80000,0x00000000d71c1e18,0x00000000d7280000)
  to   space 4096K, 0% used [0x00000000d7280000,0x00000000d7280000,0x00000000d7680000)
 ParOldGen       total 68608K, used 16K [0x0000000080000000, 0x0000000084300000, 0x00000000d5580000)
  object space 68608K, 0% used [0x0000000080000000,0x0000000080004000,0x0000000084300000)
 Metaspace       used 4290K, committed 4544K, reserved 1114112K
  class space    used 469K, committed 576K, reserved 1048576K
}
Event: 4.246 GC heap before
{Heap before GC invocations=2 (full 0):
 PSYoungGen      total 29696K, used 28935K [0x00000000d5580000, 0x00000000d7680000, 0x0000000100000000)
  eden space 25600K, 100% used [0x00000000d5580000,0x00000000d6e80000,0x00000000d6e80000)
  from space 4096K, 81% used [0x00000000d6e80000,0x00000000d71c1e18,0x00000000d7280000)
  to   space 4096K, 0% used [0x00000000d7280000,0x00000000d7280000,0x00000000d7680000)
 ParOldGen       total 68608K, used 16K [0x0000000080000000, 0x0000000084300000, 0x00000000d5580000)
  object space 68608K, 0% used [0x0000000080000000,0x0000000080004000,0x0000000084300000)
 Metaspace       used 8171K, committed 8512K, reserved 1114112K
  class space    used 872K, committed 1024K, reserved 1048576K
}
Event: 4.253 GC heap after
{Heap after GC invocations=2 (full 0):
 PSYoungGen      total 29696K, used 4091K [0x00000000d5580000, 0x00000000d7680000, 0x0000000100000000)
  eden space 25600K, 0% used [0x00000000d5580000,0x00000000d5580000,0x00000000d6e80000)
  from space 4096K, 99% used [0x00000000d7280000,0x00000000d767ef60,0x00000000d7680000)
  to   space 4096K, 0% used [0x00000000d6e80000,0x00000000d6e80000,0x00000000d7280000)
 ParOldGen       total 68608K, used 925K [0x0000000080000000, 0x0000000084300000, 0x00000000d5580000)
  object space 68608K, 1% used [0x0000000080000000,0x00000000800e76a8,0x0000000084300000)
 Metaspace       used 8171K, committed 8512K, reserved 1114112K
  class space    used 872K, committed 1024K, reserved 1048576K
}
Event: 5.054 GC heap before
{Heap before GC invocations=3 (full 0):
 PSYoungGen      total 29696K, used 29691K [0x00000000d5580000, 0x00000000d7680000, 0x0000000100000000)
  eden space 25600K, 100% used [0x00000000d5580000,0x00000000d6e80000,0x00000000d6e80000)
  from space 4096K, 99% used [0x00000000d7280000,0x00000000d767ef60,0x00000000d7680000)
  to   space 4096K, 0% used [0x00000000d6e80000,0x00000000d6e80000,0x00000000d7280000)
 ParOldGen       total 68608K, used 925K [0x0000000080000000, 0x0000000084300000, 0x00000000d5580000)
  object space 68608K, 1% used [0x0000000080000000,0x00000000800e76a8,0x0000000084300000)
 Metaspace       used 12949K, committed 13440K, reserved 1114112K
  class space    used 1373K, committed 1600K, reserved 1048576K
}
Event: 5.060 GC heap after
{Heap after GC invocations=3 (full 0):
 PSYoungGen      total 29696K, used 4069K [0x00000000d5580000, 0x00000000d7680000, 0x0000000100000000)
  eden space 25600K, 0% used [0x00000000d5580000,0x00000000d5580000,0x00000000d6e80000)
  from space 4096K, 99% used [0x00000000d6e80000,0x00000000d72796e0,0x00000000d7280000)
  to   space 4096K, 0% used [0x00000000d7280000,0x00000000d7280000,0x00000000d7680000)
 ParOldGen       total 68608K, used 2771K [0x0000000080000000, 0x0000000084300000, 0x00000000d5580000)
  object space 68608K, 4% used [0x0000000080000000,0x00000000802b4f08,0x0000000084300000)
 Metaspace       used 12949K, committed 13440K, reserved 1114112K
  class space    used 1373K, committed 1600K, reserved 1048576K
}
Event: 5.738 GC heap before
{Heap before GC invocations=4 (full 0):
 PSYoungGen      total 29696K, used 29622K [0x00000000d5580000, 0x00000000d7680000, 0x0000000100000000)
  eden space 25600K, 99% used [0x00000000d5580000,0x00000000d6e743c8,0x00000000d6e80000)
  from space 4096K, 99% used [0x00000000d6e80000,0x00000000d72796e0,0x00000000d7280000)
  to   space 4096K, 0% used [0x00000000d7280000,0x00000000d7280000,0x00000000d7680000)
 ParOldGen       total 68608K, used 2771K [0x0000000080000000, 0x0000000084300000, 0x00000000d5580000)
  object space 68608K, 4% used [0x0000000080000000,0x00000000802b4f08,0x0000000084300000)
 Metaspace       used 16089K, committed 16640K, reserved 1114112K
  class space    used 1673K, committed 1920K, reserved 1048576K
}
Event: 5.745 GC heap after
{Heap after GC invocations=4 (full 0):
 PSYoungGen      total 29696K, used 4088K [0x00000000d5580000, 0x00000000d7680000, 0x0000000100000000)
  eden space 25600K, 0% used [0x00000000d5580000,0x00000000d5580000,0x00000000d6e80000)
  from space 4096K, 99% used [0x00000000d7280000,0x00000000d767e190,0x00000000d7680000)
  to   space 4096K, 0% used [0x00000000d6e80000,0x00000000d6e80000,0x00000000d7280000)
 ParOldGen       total 68608K, used 5598K [0x0000000080000000, 0x0000000084300000, 0x00000000d5580000)
  object space 68608K, 8% used [0x0000000080000000,0x0000000080577a90,0x0000000084300000)
 Metaspace       used 16089K, committed 16640K, reserved 1114112K
  class space    used 1673K, committed 1920K, reserved 1048576K
}
Event: 6.192 GC heap before
{Heap before GC invocations=5 (full 0):
 PSYoungGen      total 29696K, used 29688K [0x00000000d5580000, 0x00000000d7680000, 0x0000000100000000)
  eden space 25600K, 100% used [0x00000000d5580000,0x00000000d6e80000,0x00000000d6e80000)
  from space 4096K, 99% used [0x00000000d7280000,0x00000000d767e190,0x00000000d7680000)
  to   space 4096K, 0% used [0x00000000d6e80000,0x00000000d6e80000,0x00000000d7280000)
 ParOldGen       total 68608K, used 5598K [0x0000000080000000, 0x0000000084300000, 0x00000000d5580000)
  object space 68608K, 8% used [0x0000000080000000,0x0000000080577a90,0x0000000084300000)
 Metaspace       used 20137K, committed 20736K, reserved 1114112K
  class space    used 1967K, committed 2240K, reserved 1048576K
}
Event: 6.197 GC heap after
{Heap after GC invocations=5 (full 0):
 PSYoungGen      total 29184K, used 4078K [0x00000000d5580000, 0x00000000d7900000, 0x0000000100000000)
  eden space 25088K, 0% used [0x00000000d5580000,0x00000000d5580000,0x00000000d6e00000)
  from space 4096K, 99% used [0x00000000d6e80000,0x00000000d727b9c8,0x00000000d7280000)
  to   space 5632K, 0% used [0x00000000d7380000,0x00000000d7380000,0x00000000d7900000)
 ParOldGen       total 68608K, used 5614K [0x0000000080000000, 0x0000000084300000, 0x00000000d5580000)
  object space 68608K, 8% used [0x0000000080000000,0x000000008057ba90,0x0000000084300000)
 Metaspace       used 20137K, committed 20736K, reserved 1114112K
  class space    used 1967K, committed 2240K, reserved 1048576K
}

Dll operation events (11 events):
Event: 0.458 Loaded shared library c:\Users\Nbinary\.vscode\extensions\redhat.java-1.45.0-win32-x64\jre\21.0.8-win32-x86_64\bin\java.dll
Event: 0.747 Loaded shared library c:\Users\Nbinary\.vscode\extensions\redhat.java-1.45.0-win32-x64\jre\21.0.8-win32-x86_64\bin\zip.dll
Event: 0.801 Loaded shared library C:\Users\Nbinary\.vscode\extensions\redhat.java-1.45.0-win32-x64\jre\21.0.8-win32-x86_64\bin\instrument.dll
Event: 0.868 Loaded shared library C:\Users\Nbinary\.vscode\extensions\redhat.java-1.45.0-win32-x64\jre\21.0.8-win32-x86_64\bin\net.dll
Event: 0.932 Loaded shared library C:\Users\Nbinary\.vscode\extensions\redhat.java-1.45.0-win32-x64\jre\21.0.8-win32-x86_64\bin\nio.dll
Event: 0.941 Loaded shared library C:\Users\Nbinary\.vscode\extensions\redhat.java-1.45.0-win32-x64\jre\21.0.8-win32-x86_64\bin\zip.dll
Event: 0.989 Loaded shared library C:\Users\Nbinary\.vscode\extensions\redhat.java-1.45.0-win32-x64\jre\21.0.8-win32-x86_64\bin\jimage.dll
Event: 1.208 Loaded shared library c:\Users\Nbinary\.vscode\extensions\redhat.java-1.45.0-win32-x64\jre\21.0.8-win32-x86_64\bin\verify.dll
Event: 4.245 Loaded shared library C:\Users\Nbinary\AppData\Roaming\Code\User\globalStorage\redhat.java\1.45.0\config_ss_win\org.eclipse.equinox.launcher\org.eclipse.equinox.launcher.win32.win32.x86_64_1.2.1400.v20250801-0854\eclipse_11916.dll
Event: 5.182 Loaded shared library C:\Users\Nbinary\.vscode\extensions\redhat.java-1.45.0-win32-x64\jre\21.0.8-win32-x86_64\bin\management.dll
Event: 5.238 Loaded shared library C:\Users\Nbinary\.vscode\extensions\redhat.java-1.45.0-win32-x64\jre\21.0.8-win32-x86_64\bin\management_ext.dll

Deoptimization events (20 events):
Event: 5.592 Thread 0x0000025ce98e6960 Uncommon trap: trap_request=0xffffffde fr.pc=0x0000025cd6cc1944 relative=0x00000000000003e4
Event: 5.592 Thread 0x0000025ce98e6960 Uncommon trap: reason=class_check action=maybe_recompile pc=0x0000025cd6cc1944 method=java.util.regex.Pattern$BmpCharPropertyGreedy.match(Ljava/util/regex/Matcher;ILjava/lang/CharSequence;)Z @ 70 c2
Event: 5.592 Thread 0x0000025ce98e6960 DEOPT PACKING pc=0x0000025cd6cc1944 sp=0x000000a124eef950
Event: 5.592 Thread 0x0000025ce98e6960 DEOPT UNPACKING pc=0x0000025cd6683aa2 sp=0x000000a124eef8f8 mode 2
Event: 5.592 Thread 0x0000025ce98e6960 Uncommon trap: trap_request=0xffffffde fr.pc=0x0000025cd6cc1944 relative=0x00000000000003e4
Event: 5.592 Thread 0x0000025ce98e6960 Uncommon trap: reason=class_check action=maybe_recompile pc=0x0000025cd6cc1944 method=java.util.regex.Pattern$BmpCharPropertyGreedy.match(Ljava/util/regex/Matcher;ILjava/lang/CharSequence;)Z @ 70 c2
Event: 5.592 Thread 0x0000025ce98e6960 DEOPT PACKING pc=0x0000025cd6cc1944 sp=0x000000a124eef7a0
Event: 5.592 Thread 0x0000025ce98e6960 DEOPT UNPACKING pc=0x0000025cd6683aa2 sp=0x000000a124eef748 mode 2
Event: 5.687 Thread 0x0000025ce98e6960 Uncommon trap: trap_request=0xffffff45 fr.pc=0x0000025cd6cd1b00 relative=0x0000000000000800
Event: 5.687 Thread 0x0000025ce98e6960 Uncommon trap: reason=unstable_if action=reinterpret pc=0x0000025cd6cd1b00 method=org.lombokweb.asm.ClassReader.readUTF8(I[C)Ljava/lang/String; @ 11 c2
Event: 5.687 Thread 0x0000025ce98e6960 DEOPT PACKING pc=0x0000025cd6cd1b00 sp=0x000000a124eef8e0
Event: 5.687 Thread 0x0000025ce98e6960 DEOPT UNPACKING pc=0x0000025cd6683aa2 sp=0x000000a124eef8c8 mode 2
Event: 6.022 Thread 0x0000025ce98e6960 Uncommon trap: trap_request=0xffffff45 fr.pc=0x0000025cd6cdd384 relative=0x0000000000000164
Event: 6.022 Thread 0x0000025ce98e6960 Uncommon trap: reason=unstable_if action=reinterpret pc=0x0000025cd6cdd384 method=org.lombokweb.asm.ByteVector.putByteArray([BII)Lorg/lombokweb/asm/ByteVector; @ 20 c2
Event: 6.023 Thread 0x0000025ce98e6960 DEOPT PACKING pc=0x0000025cd6cdd384 sp=0x000000a124eeee80
Event: 6.023 Thread 0x0000025ce98e6960 DEOPT UNPACKING pc=0x0000025cd6683aa2 sp=0x000000a124eeee50 mode 2
Event: 6.023 Thread 0x0000025ce98e6960 Uncommon trap: trap_request=0xffffff45 fr.pc=0x0000025cd6cdc8d0 relative=0x0000000000000390
Event: 6.023 Thread 0x0000025ce98e6960 Uncommon trap: reason=unstable_if action=reinterpret pc=0x0000025cd6cdc8d0 method=org.lombokweb.asm.Label.resolve([BLorg/lombokweb/asm/ByteVector;I)Z @ 81 c2
Event: 6.023 Thread 0x0000025ce98e6960 DEOPT PACKING pc=0x0000025cd6cdc8d0 sp=0x000000a124eeef10
Event: 6.023 Thread 0x0000025ce98e6960 DEOPT UNPACKING pc=0x0000025cd6683aa2 sp=0x000000a124eeee18 mode 2

Classes loaded (20 events):
Event: 5.586 Loading class java/util/zip/GZIPInputStream
Event: 5.586 Loading class java/util/zip/GZIPInputStream done
Event: 5.596 Loading class java/io/StringReader
Event: 5.596 Loading class java/io/StringReader done
Event: 5.623 Loading class java/net/SocketTimeoutException
Event: 5.623 Loading class java/io/InterruptedIOException
Event: 5.623 Loading class java/io/InterruptedIOException done
Event: 5.623 Loading class java/net/SocketTimeoutException done
Event: 5.623 Loading class java/net/SocketException
Event: 5.623 Loading class java/net/SocketException done
Event: 5.624 Loading class java/net/UnknownHostException
Event: 5.624 Loading class java/net/UnknownHostException done
Event: 5.624 Loading class java/net/ProtocolException
Event: 5.624 Loading class java/net/ProtocolException done
Event: 5.651 Loading class java/lang/ThreadLocal$SuppliedThreadLocal
Event: 5.652 Loading class java/lang/ThreadLocal$SuppliedThreadLocal done
Event: 5.671 Loading class java/io/FileWriter
Event: 5.671 Loading class java/io/FileWriter done
Event: 5.672 Loading class java/lang/NegativeArraySizeException
Event: 5.672 Loading class java/lang/NegativeArraySizeException done

Classes unloaded (0 events):
No events

Classes redefined (0 events):
No events

Internal exceptions (20 events):
Event: 5.429 Thread 0x0000025ce98e6960 Exception <a 'java/lang/NoSuchMethodError'{0x00000000d5dd8b98}: 'java.lang.Object java.lang.invoke.Invokers$Holder.linkToTargetMethod(java.lang.Object, java.lang.Object, long, java.lang.Object)'> (0x00000000d5dd8b98) 
thrown [s\src\hotspot\share\interpreter\linkResolver.cpp, line 773]
Event: 5.459 Thread 0x0000025ce98e6960 Exception <a 'java/lang/IncompatibleClassChangeError'{0x00000000d5ed2970}: Found class java.lang.Object, but interface was expected> (0x00000000d5ed2970) 
thrown [s\src\hotspot\share\interpreter\linkResolver.cpp, line 840]
Event: 5.461 Thread 0x0000025ce98e6960 Exception <a 'java/lang/NoSuchMethodError'{0x00000000d5ed6530}: 'java.lang.Object java.lang.invoke.DirectMethodHandle$Holder.invokeSpecial(java.lang.Object, java.lang.Object, java.lang.Object, int, java.lang.Object, java.lang.Object)'> (0x00000000d5ed6530) 
thrown [s\src\hotspot\share\interpreter\linkResolver.cpp, line 773]
Event: 5.462 Thread 0x0000025ce98e6960 Exception <a 'java/lang/NoSuchMethodError'{0x00000000d5ede008}: 'java.lang.Object java.lang.invoke.DirectMethodHandle$Holder.newInvokeSpecial(java.lang.Object, java.lang.Object, java.lang.Object, int, java.lang.Object)'> (0x00000000d5ede008) 
thrown [s\src\hotspot\share\interpreter\linkResolver.cpp, line 773]
Event: 5.463 Thread 0x0000025ce98e6960 Exception <a 'java/lang/NoSuchMethodError'{0x00000000d5ee1fc8}: 'java.lang.Object java.lang.invoke.DirectMethodHandle$Holder.invokeSpecial(java.lang.Object, java.lang.Object, java.lang.Object, java.lang.Object, int, java.lang.Object)'> (0x00000000d5ee1fc8) 
thrown [s\src\hotspot\share\interpreter\linkResolver.cpp, line 773]
Event: 5.463 Thread 0x0000025ce98e6960 Exception <a 'java/lang/NoSuchMethodError'{0x00000000d5ef3b70}: 'java.lang.Object java.lang.invoke.Invokers$Holder.linkToTargetMethod(java.lang.Object, java.lang.Object, int, java.lang.Object, java.lang.Object)'> (0x00000000d5ef3b70) 
thrown [s\src\hotspot\share\interpreter\linkResolver.cpp, line 773]
Event: 5.465 Thread 0x0000025ce9ba1a00 Exception <a 'java/lang/NoSuchMethodError'{0x00000000d5e16040}: 'java.lang.Object java.lang.invoke.DirectMethodHandle$Holder.invokeSpecial(java.lang.Object, java.lang.Object, int, java.lang.Object, java.lang.Object)'> (0x00000000d5e16040) 
thrown [s\src\hotspot\share\interpreter\linkResolver.cpp, line 773]
Event: 5.466 Thread 0x0000025ce9ba1a00 Exception <a 'java/lang/NoSuchMethodError'{0x00000000d5e1cd78}: 'java.lang.Object java.lang.invoke.DirectMethodHandle$Holder.newInvokeSpecial(java.lang.Object, java.lang.Object, int, java.lang.Object)'> (0x00000000d5e1cd78) 
thrown [s\src\hotspot\share\interpreter\linkResolver.cpp, line 773]
Event: 5.466 Thread 0x0000025ce9ba1a00 Exception <a 'java/lang/NoSuchMethodError'{0x00000000d5e20698}: 'java.lang.Object java.lang.invoke.DirectMethodHandle$Holder.invokeSpecial(java.lang.Object, java.lang.Object, java.lang.Object, int, java.lang.Object)'> (0x00000000d5e20698) 
thrown [s\src\hotspot\share\interpreter\linkResolver.cpp, line 773]
Event: 5.501 Thread 0x0000025ce98e6960 Exception <a 'java/lang/NoSuchMethodError'{0x00000000d60300d0}: 'void java.lang.invoke.DirectMethodHandle$Holder.invokeSpecial(java.lang.Object, java.lang.Object, java.lang.Object, java.lang.Object, java.lang.Object)'> (0x00000000d60300d0) 
thrown [s\src\hotspot\share\interpreter\linkResolver.cpp, line 773]
Event: 5.568 Thread 0x0000025ce98e6960 Exception <a 'java/lang/NoSuchMethodError'{0x00000000d62df888}: 'double java.lang.invoke.DirectMethodHandle$Holder.invokeStatic(java.lang.Object, java.lang.Object)'> (0x00000000d62df888) 
thrown [s\src\hotspot\share\interpreter\linkResolver.cpp, line 773]
Event: 5.569 Thread 0x0000025ce98e6960 Exception <a 'java/lang/NoSuchMethodError'{0x00000000d62e2f48}: 'double java.lang.invoke.DirectMethodHandle$Holder.invokeStaticInit(java.lang.Object, java.lang.Object)'> (0x00000000d62e2f48) 
thrown [s\src\hotspot\share\interpreter\linkResolver.cpp, line 773]
Event: 5.777 Thread 0x0000025ce98e6960 Exception <a 'java/io/FileNotFoundException'{0x00000000d5a28a58}> (0x00000000d5a28a58) 
thrown [s\src\hotspot\share\prims\jni.cpp, line 520]
Event: 5.778 Thread 0x0000025ce98e6960 Exception <a 'java/io/FileNotFoundException'{0x00000000d5a29898}> (0x00000000d5a29898) 
thrown [s\src\hotspot\share\prims\jni.cpp, line 520]
Event: 5.778 Thread 0x0000025ce98e6960 Exception <a 'java/io/FileNotFoundException'{0x00000000d5a2a7d8}> (0x00000000d5a2a7d8) 
thrown [s\src\hotspot\share\prims\jni.cpp, line 520]
Event: 5.959 Thread 0x0000025ce98e6960 Exception <a 'java/lang/NoSuchMethodError'{0x00000000d637e918}: 'int java.lang.invoke.DirectMethodHandle$Holder.invokeStaticInit(java.lang.Object, java.lang.Object, java.lang.Object)'> (0x00000000d637e918) 
thrown [s\src\hotspot\share\interpreter\linkResolver.cpp, line 773]
Event: 6.022 Thread 0x0000025ce98e6960 Implicit null exception at 0x0000025cd6cdd275 to 0x0000025cd6cdd368
Event: 6.207 Thread 0x0000025ce98e6960 Exception <a 'java/io/FileNotFoundException'{0x00000000d5620d30}> (0x00000000d5620d30) 
thrown [s\src\hotspot\share\prims\jni.cpp, line 520]
Event: 6.208 Thread 0x0000025ce98e6960 Exception <a 'java/lang/NoSuchMethodError'{0x00000000d56285a8}: 'java.lang.Object java.lang.invoke.DirectMethodHandle$Holder.newInvokeSpecial(java.lang.Object, int, java.lang.Object, java.lang.Object)'> (0x00000000d56285a8) 
thrown [s\src\hotspot\share\interpreter\linkResolver.cpp, line 773]
Event: 6.277 Thread 0x0000025ce98e6960 Exception <a 'java/io/FileNotFoundException'{0x00000000d61cbe88}> (0x00000000d61cbe88) 
thrown [s\src\hotspot\share\prims\jni.cpp, line 520]

ZGC Phase Switch (0 events):
No events

VM Operations (20 events):
Event: 4.161 Executing VM operation: Cleanup
Event: 4.161 Executing VM operation: Cleanup done
Event: 4.246 Executing VM operation: ParallelGCFailedAllocation (Allocation Failure)
Event: 4.253 Executing VM operation: ParallelGCFailedAllocation (Allocation Failure) done
Event: 4.407 Executing VM operation: HandshakeAllThreads (Deoptimize)
Event: 4.408 Executing VM operation: HandshakeAllThreads (Deoptimize) done
Event: 4.850 Executing VM operation: HandshakeAllThreads (Deoptimize)
Event: 4.850 Executing VM operation: HandshakeAllThreads (Deoptimize) done
Event: 5.054 Executing VM operation: ParallelGCFailedAllocation (Allocation Failure)
Event: 5.060 Executing VM operation: ParallelGCFailedAllocation (Allocation Failure) done
Event: 5.299 Executing VM operation: HandshakeAllThreads (Deoptimize)
Event: 5.299 Executing VM operation: HandshakeAllThreads (Deoptimize) done
Event: 5.310 Executing VM operation: HandshakeAllThreads (Deoptimize)
Event: 5.311 Executing VM operation: HandshakeAllThreads (Deoptimize) done
Event: 5.335 Executing VM operation: HandshakeAllThreads (Deoptimize)
Event: 5.335 Executing VM operation: HandshakeAllThreads (Deoptimize) done
Event: 5.738 Executing VM operation: ParallelGCFailedAllocation (Allocation Failure)
Event: 5.745 Executing VM operation: ParallelGCFailedAllocation (Allocation Failure) done
Event: 6.192 Executing VM operation: ParallelGCFailedAllocation (Allocation Failure)
Event: 6.198 Executing VM operation: ParallelGCFailedAllocation (Allocation Failure) done

Memory protections (0 events):
No events

Nmethod flushes (0 events):
No events

Events (20 events):
Event: 1.435 Thread 0x0000025ccbe8e780 Thread added: 0x0000025ce4c500d0
Event: 1.630 Thread 0x0000025ce2f8c860 Thread added: 0x0000025ce4ccfd10
Event: 2.422 Thread 0x0000025ce4ccfd10 Thread exited: 0x0000025ce4ccfd10
Event: 2.665 Thread 0x0000025ce2f8c860 Thread added: 0x0000025ce9856190
Event: 3.055 Thread 0x0000025ccbe8e780 Thread added: 0x0000025ce9383500
Event: 3.471 Thread 0x0000025ce9856190 Thread exited: 0x0000025ce9856190
Event: 3.472 Thread 0x0000025ce4bbd270 Thread exited: 0x0000025ce4bbd270
Event: 4.195 Thread 0x0000025ccbe8e780 Thread added: 0x0000025ce98e6300
Event: 4.205 Thread 0x0000025ccbe8e780 Thread added: 0x0000025ce98e6960
Event: 4.258 Thread 0x0000025ce98e6960 Thread added: 0x0000025ce98ec750
Event: 4.396 Thread 0x0000025ce98e6960 Thread added: 0x0000025ce99d5f90
Event: 4.531 Thread 0x0000025ce2f8c860 Thread added: 0x0000025ce9a7c5a0
Event: 4.532 Thread 0x0000025ce2f8c860 Thread added: 0x0000025ce9a67710
Event: 4.690 Thread 0x0000025ce9a67710 Thread exited: 0x0000025ce9a67710
Event: 4.815 Thread 0x0000025ce9a7c5a0 Thread exited: 0x0000025ce9a7c5a0
Event: 4.898 Thread 0x0000025ce98e6960 Thread added: 0x0000025ce9b045e0
Event: 5.352 Thread 0x0000025ce2f8c860 Thread added: 0x0000025ce9b5c6b0
Event: 5.433 Thread 0x0000025ce98e6960 Thread added: 0x0000025ce9ba1a00
Event: 5.466 Thread 0x0000025ce98e6960 Thread added: 0x0000025ce9bae480
Event: 5.903 Thread 0x0000025ce9b5c6b0 Thread exited: 0x0000025ce9b5c6b0


Dynamic libraries:
0x00007ff65cb50000 - 0x00007ff65cb5e000 	c:\Users\Nbinary\.vscode\extensions\redhat.java-1.45.0-win32-x64\jre\21.0.8-win32-x86_64\bin\java.exe
0x00007ff82bd40000 - 0x00007ff82bfa9000 	C:\WINDOWS\SYSTEM32\ntdll.dll
0x00007ff82a780000 - 0x00007ff82a849000 	C:\WINDOWS\System32\KERNEL32.DLL
0x00007ff829680000 - 0x00007ff829a73000 	C:\WINDOWS\System32\KERNELBASE.dll
0x00007ff828bf0000 - 0x00007ff828d96000 	C:\Windows\system32\hmpalert.dll
0x00007ff828a30000 - 0x00007ff828bea000 	C:\WINDOWS\System32\SophosED\SophosED.dll
0x00007ff8291f0000 - 0x00007ff82933b000 	C:\WINDOWS\System32\ucrtbase.dll
0x00007ff8193a0000 - 0x00007ff8193be000 	c:\Users\Nbinary\.vscode\extensions\redhat.java-1.45.0-win32-x64\jre\21.0.8-win32-x86_64\bin\VCRUNTIME140.dll
0x00007ff805ca0000 - 0x00007ff805cb8000 	c:\Users\Nbinary\.vscode\extensions\redhat.java-1.45.0-win32-x64\jre\21.0.8-win32-x86_64\bin\jli.dll
0x00007ff82a5a0000 - 0x00007ff82a764000 	C:\WINDOWS\System32\USER32.dll
0x00007ff829050000 - 0x00007ff829077000 	C:\WINDOWS\System32\win32u.dll
0x00007ff829eb0000 - 0x00007ff829edb000 	C:\WINDOWS\System32\GDI32.dll
0x00007ff829340000 - 0x00007ff82946d000 	C:\WINDOWS\System32\gdi32full.dll
0x00007ff8295d0000 - 0x00007ff829673000 	C:\WINDOWS\System32\msvcp_win.dll
0x00007ff815510000 - 0x00007ff8157a3000 	C:\WINDOWS\WinSxS\amd64_microsoft.windows.common-controls_6595b64144ccf1df_6.0.26100.5074_none_3e0d6f78e32fd63f\COMCTL32.dll
0x00007ff82ba00000 - 0x00007ff82baa9000 	C:\WINDOWS\System32\msvcrt.dll
0x00007ff829b90000 - 0x00007ff829bbf000 	C:\WINDOWS\System32\IMM32.DLL
0x0000025cca140000 - 0x0000025cca156000 	C:\WINDOWS\System32\umppc19706.dll
0x00007ff819df0000 - 0x00007ff819dfc000 	c:\Users\Nbinary\.vscode\extensions\redhat.java-1.45.0-win32-x64\jre\21.0.8-win32-x86_64\bin\vcruntime140_1.dll
0x00007ffff5690000 - 0x00007ffff571d000 	c:\Users\Nbinary\.vscode\extensions\redhat.java-1.45.0-win32-x64\jre\21.0.8-win32-x86_64\bin\msvcp140.dll
0x00007fff805a0000 - 0x00007fff81337000 	c:\Users\Nbinary\.vscode\extensions\redhat.java-1.45.0-win32-x64\jre\21.0.8-win32-x86_64\bin\server\jvm.dll
0x00007ff82aad0000 - 0x00007ff82ab84000 	C:\WINDOWS\System32\ADVAPI32.dll
0x00007ff829bd0000 - 0x00007ff829c76000 	C:\WINDOWS\System32\sechost.dll
0x00007ff829c80000 - 0x00007ff829d98000 	C:\WINDOWS\System32\RPCRT4.dll
0x00007ff829b10000 - 0x00007ff829b84000 	C:\WINDOWS\System32\WS2_32.dll
0x00007ff828830000 - 0x00007ff82888e000 	C:\WINDOWS\SYSTEM32\POWRPROF.dll
0x00007ff814ea0000 - 0x00007ff814ed5000 	C:\WINDOWS\SYSTEM32\WINMM.dll
0x00007ff822290000 - 0x00007ff82229b000 	C:\WINDOWS\SYSTEM32\VERSION.dll
0x00007ff828810000 - 0x00007ff828824000 	C:\WINDOWS\SYSTEM32\UMPDC.dll
0x00007ff827900000 - 0x00007ff82791b000 	C:\WINDOWS\SYSTEM32\kernel.appcore.dll
0x00007ff819520000 - 0x00007ff81952a000 	c:\Users\Nbinary\.vscode\extensions\redhat.java-1.45.0-win32-x64\jre\21.0.8-win32-x86_64\bin\jimage.dll
0x00007ff8261b0000 - 0x00007ff8263f2000 	C:\WINDOWS\SYSTEM32\DBGHELP.DLL
0x00007ff82ad80000 - 0x00007ff82b0fb000 	C:\WINDOWS\System32\combase.dll
0x00007ff82b100000 - 0x00007ff82b1d7000 	C:\WINDOWS\System32\OLEAUT32.dll
0x00007ff8200a0000 - 0x00007ff8200dd000 	C:\WINDOWS\SYSTEM32\dbgcore.DLL
0x00007ff829470000 - 0x00007ff829509000 	C:\WINDOWS\System32\bcryptPrimitives.dll
0x00007ff8194a0000 - 0x00007ff8194af000 	c:\Users\Nbinary\.vscode\extensions\redhat.java-1.45.0-win32-x64\jre\21.0.8-win32-x86_64\bin\instrument.dll
0x00007ff805c80000 - 0x00007ff805c9f000 	c:\Users\Nbinary\.vscode\extensions\redhat.java-1.45.0-win32-x64\jre\21.0.8-win32-x86_64\bin\java.dll
0x00007ff82b1e0000 - 0x00007ff82b92d000 	C:\WINDOWS\System32\SHELL32.dll
0x00007ff829080000 - 0x00007ff8291ec000 	C:\WINDOWS\System32\wintypes.dll
0x00007ff826590000 - 0x00007ff826de9000 	C:\WINDOWS\SYSTEM32\windows.storage.dll
0x00007ff82bab0000 - 0x00007ff82bba0000 	C:\WINDOWS\System32\SHCORE.dll
0x00007ff82bbb0000 - 0x00007ff82bc12000 	C:\WINDOWS\System32\shlwapi.dll
0x00007ff828df0000 - 0x00007ff828e19000 	C:\WINDOWS\SYSTEM32\profapi.dll
0x00007ff805c60000 - 0x00007ff805c78000 	c:\Users\Nbinary\.vscode\extensions\redhat.java-1.45.0-win32-x64\jre\21.0.8-win32-x86_64\bin\zip.dll
0x00007ff819360000 - 0x00007ff819370000 	C:\Users\Nbinary\.vscode\extensions\redhat.java-1.45.0-win32-x64\jre\21.0.8-win32-x86_64\bin\net.dll
0x00007ff822e60000 - 0x00007ff822f7f000 	C:\WINDOWS\SYSTEM32\WINHTTP.dll
0x00007ff827e60000 - 0x00007ff827ecb000 	C:\WINDOWS\system32\mswsock.dll
0x00007ff805c40000 - 0x00007ff805c56000 	C:\Users\Nbinary\.vscode\extensions\redhat.java-1.45.0-win32-x64\jre\21.0.8-win32-x86_64\bin\nio.dll
0x00007ff817360000 - 0x00007ff817370000 	c:\Users\Nbinary\.vscode\extensions\redhat.java-1.45.0-win32-x64\jre\21.0.8-win32-x86_64\bin\verify.dll
0x00007ffff5cf0000 - 0x00007ffff5d34000 	C:\Users\Nbinary\AppData\Roaming\Code\User\globalStorage\redhat.java\1.45.0\config_ss_win\org.eclipse.equinox.launcher\org.eclipse.equinox.launcher.win32.win32.x86_64_1.2.1400.v20250801-0854\eclipse_11916.dll
0x00007ff829ee0000 - 0x00007ff82a078000 	C:\WINDOWS\System32\ole32.dll
0x00007ff815350000 - 0x00007ff81535a000 	C:\Users\Nbinary\.vscode\extensions\redhat.java-1.45.0-win32-x64\jre\21.0.8-win32-x86_64\bin\management.dll
0x00007ff813a50000 - 0x00007ff813a5b000 	C:\Users\Nbinary\.vscode\extensions\redhat.java-1.45.0-win32-x64\jre\21.0.8-win32-x86_64\bin\management_ext.dll
0x00007ff82a770000 - 0x00007ff82a778000 	C:\WINDOWS\System32\PSAPI.DLL

JVMTI agents:
c:\Users\Nbinary\.vscode\extensions\redhat.java-1.45.0-win32-x64\lombok\lombok-1.18.39-4050.jar path:c:\Users\Nbinary\.vscode\extensions\redhat.java-1.45.0-win32-x64\jre\21.0.8-win32-x86_64\bin\instrument.dll, loaded, initialized, instrumentlib options:none

dbghelp: loaded successfully - version: 4.0.5 - missing functions: none
symbol engine: initialized successfully - sym options: 0x614 - pdb path: .;c:\Users\Nbinary\.vscode\extensions\redhat.java-1.45.0-win32-x64\jre\21.0.8-win32-x86_64\bin;C:\WINDOWS\SYSTEM32;C:\WINDOWS\System32\SophosED;C:\WINDOWS\WinSxS\amd64_microsoft.windows.common-controls_6595b64144ccf1df_6.0.26100.5074_none_3e0d6f78e32fd63f;c:\Users\Nbinary\.vscode\extensions\redhat.java-1.45.0-win32-x64\jre\21.0.8-win32-x86_64\bin\server;C:\Users\Nbinary\AppData\Roaming\Code\User\globalStorage\redhat.java\1.45.0\config_ss_win\org.eclipse.equinox.launcher\org.eclipse.equinox.launcher.win32.win32.x86_64_1.2.1400.v20250801-0854

VM Arguments:
jvm_args: --add-modules=ALL-SYSTEM --add-opens=java.base/java.util=ALL-UNNAMED --add-opens=java.base/java.lang=ALL-UNNAMED --add-opens=java.base/sun.nio.fs=ALL-UNNAMED -Declipse.application=org.eclipse.jdt.ls.core.id1 -Dosgi.bundles.defaultStartLevel=4 -Declipse.product=org.eclipse.jdt.ls.core.product -Djava.import.generatesMetadataFilesAtProjectRoot=false -DDetectVMInstallationsJob.disabled=true -Dfile.encoding=utf8 -XX:+UseParallelGC -XX:GCTimeRatio=4 -XX:AdaptiveSizePolicyWeight=90 -Dsun.zip.disableMemoryMapping=true -Xmx2G -Xms100m -Xlog:disable -javaagent:c:\Users\Nbinary\.vscode\extensions\redhat.java-1.45.0-win32-x64\lombok\lombok-1.18.39-4050.jar 
java_command: c:\Users\Nbinary\.vscode\extensions\redhat.java-1.45.0-win32-x64\server\plugins\org.eclipse.equinox.launcher_1.7.0.v20250519-0528.jar -configuration c:\Users\Nbinary\AppData\Roaming\Code\User\globalStorage\redhat.java\1.45.0\config_ss_win -data c:\Users\Nbinary\AppData\Roaming\Code\User\workspaceStorage\c4d24fc2a9ed8c7a6b3851eb0b73e0c4\redhat.java\ss_ws --pipe=\\.\pipe\lsp-bc6e4e0bdf6a0896c81a161487123f35-sock
java_class_path (initial): c:\Users\Nbinary\.vscode\extensions\redhat.java-1.45.0-win32-x64\server\plugins\org.eclipse.equinox.launcher_1.7.0.v20250519-0528.jar
Launcher Type: SUN_STANDARD

[Global flags]
    uintx AdaptiveSizePolicyWeight                 = 90                                        {product} {command line}
     intx CICompilerCount                          = 4                                         {product} {ergonomic}
    uintx GCTimeRatio                              = 4                                         {product} {command line}
   size_t InitialHeapSize                          = 104857600                                 {product} {command line}
   size_t MaxHeapSize                              = 2147483648                                {product} {command line}
   size_t MaxNewSize                               = 715653120                                 {product} {ergonomic}
   size_t MinHeapDeltaBytes                        = 524288                                    {product} {ergonomic}
   size_t MinHeapSize                              = 104857600                                 {product} {command line}
   size_t NewSize                                  = 34603008                                  {product} {ergonomic}
    uintx NonNMethodCodeHeapSize                   = 5839372                                {pd product} {ergonomic}
    uintx NonProfiledCodeHeapSize                  = 122909434                              {pd product} {ergonomic}
   size_t OldSize                                  = 70254592                                  {product} {ergonomic}
    uintx ProfiledCodeHeapSize                     = 122909434                              {pd product} {ergonomic}
    uintx ReservedCodeCacheSize                    = 251658240                              {pd product} {ergonomic}
     bool SegmentedCodeCache                       = true                                      {product} {ergonomic}
   size_t SoftMaxHeapSize                          = 2147483648                             {manageable} {ergonomic}
     bool UseCompressedOops                        = true                           {product lp64_product} {ergonomic}
     bool UseLargePagesIndividualAllocation        = false                                  {pd product} {ergonomic}
     bool UseParallelGC                            = true                                      {product} {command line}

Logging:
Log output configuration:
 #0: stdout all=off uptime,level,tags foldmultilines=false
 #1: stderr all=off uptime,level,tags foldmultilines=false

Environment Variables:
PATH=C:\Program Files\Common Files\Oracle\Java\javapath;C:\Program Files (x86)\VMware\VMware Workstation\bin\;C:\WINDOWS\system32;C:\WINDOWS;C:\WINDOWS\System32\Wbem;C:\WINDOWS\System32\WindowsPowerShell\v1.0\;C:\WINDOWS\System32\OpenSSH\;C:\Program Files\PuTTY\;C:\Program Files\MySQL\MySQL Server 8.0\bin;D:\Program Files\PostgreSQL\15\bin;C:\Users\Nbinary\AppData\Local\Programs\Python\Python313\Scripts\;C:\Users\Nbinary\AppData\Local\Programs\Python\Python313\;C:\Users\Nbinary\AppData\Local\Programs\Python\Launcher\;C:\Users\Nbinary\AppData\Local\Microsoft\WindowsApps;C:\Users\Nbinary\AppData\Local\Programs\Microsoft VS Code\bin;C:\Users\Nbinary\AppData\Local\GitHubDesktop\bin
USERNAME=Nbinary
OS=Windows_NT
PROCESSOR_IDENTIFIER=Intel64 Family 6 Model 142 Stepping 10, GenuineIntel
TMP=C:\Users\Nbinary\AppData\Local\Temp
TEMP=C:\Users\Nbinary\AppData\Local\Temp




Periodic native trim disabled

---------------  S Y S T E M  ---------------

OS:
 Windows 11 , 64 bit Build 26100 (10.0.26100.5074)
OS uptime: 24 days 1:12 hours
Hyper-V role detected

CPU: total 8 (initial active 8) (4 cores per cpu, 2 threads per core) family 6 model 142 stepping 10 microcode 0xf0, cx8, cmov, fxsr, ht, mmx, 3dnowpref, sse, sse2, sse3, ssse3, sse4.1, sse4.2, popcnt, lzcnt, tsc, tscinvbit, avx, avx2, aes, erms, clmul, bmi1, bmi2, adx, fma, vzeroupper, clflush, clflushopt, hv, rdtscp, f16c
Processor Information for the first 8 processors :
  Max Mhz: 1800, Current Mhz: 1600, Mhz Limit: 1584

Memory: 4k page, system-wide physical 12182M (548M free)
TotalPageFile size 26963M (AvailPageFile size 12M)
current process WorkingSet (physical memory assigned to process): 144M, peak: 144M
current process commit charge ("private bytes"): 278M, peak: 280M

vm_info: OpenJDK 64-Bit Server VM (21.0.8+9-LTS) for windows-amd64 JRE (21.0.8+9-LTS), built on 2025-07-15T00:00:00Z by "admin" with MS VC++ 17.7 (VS2022)

END.
